Sun, 23 Jul 2017 20:42:18 hackserver.py DEBUG debug message
Sun, 23 Jul 2017 20:42:18 hackserver.py INFO info message
Sun, 23 Jul 2017 20:42:18 hackserver.py WARNING warning message
Sun, 23 Jul 2017 20:42:18 hackserver.py ERROR error message
Sun, 23 Jul 2017 20:42:18 hackserver.py CRITICAL critical message
Sun, 23 Jul 2017 20:42:34 hackserver.py INFO info message
Sun, 23 Jul 2017 20:42:34 hackserver.py WARNING warning message
Sun, 23 Jul 2017 20:42:34 hackserver.py ERROR error message
Sun, 23 Jul 2017 20:42:34 hackserver.py CRITICAL critical message
Sun, 23 Jul 2017 20:42:35 hackserver.py INFO info message
Sun, 23 Jul 2017 20:42:35 hackserver.py WARNING warning message
Sun, 23 Jul 2017 20:42:35 hackserver.py ERROR error message
Sun, 23 Jul 2017 20:42:35 hackserver.py CRITICAL critical message
Sun, 23 Jul 2017 20:42:36 hackserver.py INFO info message
Sun, 23 Jul 2017 20:42:36 hackserver.py WARNING warning message
Sun, 23 Jul 2017 20:42:36 hackserver.py ERROR error message
Sun, 23 Jul 2017 20:42:36 hackserver.py CRITICAL critical message
Sun, 23 Jul 2017 20:42:36 hackserver.py INFO info message
Sun, 23 Jul 2017 20:42:36 hackserver.py WARNING warning message
Sun, 23 Jul 2017 20:42:36 hackserver.py ERROR error message
Sun, 23 Jul 2017 20:42:36 hackserver.py CRITICAL critical message
Sun, 23 Jul 2017 20:42:36 hackserver.py INFO info message
Sun, 23 Jul 2017 20:42:36 hackserver.py WARNING warning message
Sun, 23 Jul 2017 20:42:36 hackserver.py ERROR error message
Sun, 23 Jul 2017 20:42:36 hackserver.py CRITICAL critical message
Sun, 23 Jul 2017 20:42:36 hackserver.py INFO info message
Sun, 23 Jul 2017 20:42:36 hackserver.py WARNING warning message
Sun, 23 Jul 2017 20:42:36 hackserver.py ERROR error message
Sun, 23 Jul 2017 20:42:36 hackserver.py CRITICAL critical message
Sun, 23 Jul 2017 20:45:55 matrixserver.py INFO info message
Sun, 23 Jul 2017 20:45:55 matrixserver.py WARNING warning message
Sun, 23 Jul 2017 20:45:55 matrixserver.py ERROR error message
Sun, 23 Jul 2017 20:45:55 matrixserver.py CRITICAL critical message
